<?xml version="1.0" encoding="utf-8"?>
<TestsResultsCache
    LastClearTime="0001-01-01T00:00:00">
    <TestClasses>
        <TestClass>
            <TestClassId>01p58000007xPZVAA2</TestClassId>
            <TestQueueId>70958000000Pv1SAAS</TestQueueId>
            <TestMethods>
                <TestMethod>
                    <ApexLogId>07L58000003nyGAEAY</ApexLogId>
                    <Name>testRegistration</Name>
                    <TestResultStatus>Pass</TestResultStatus>
                </TestMethod>
            </TestMethods>
        </TestClass>
        <TestClass>
            <TestClassId>01p58000007xqHTAAY</TestClassId>
            <TestQueueId>70958000000Pv1TAAS</TestQueueId>
            <TestMethods>
                <TestMethod>
                    <ApexLogId>07L58000003nyGFEAY</ApexLogId>
                    <Name>test</Name>
                    <TestResultStatus>Pass</TestResultStatus>
                </TestMethod>
            </TestMethods>
        </TestClass>
        <TestClass>
            <TestClassId>01p58000007xqHEAAY</TestClassId>
            <TestQueueId>70958000000Pv1UAAS</TestQueueId>
            <TestMethods>
                <TestMethod>
                    <ApexLogId>07L58000003nyGjEAI</ApexLogId>
                    <Name>test</Name>
                    <TestResultStatus>Pass</TestResultStatus>
                </TestMethod>
            </TestMethods>
        </TestClass>
        <TestClass>
            <TestClassId>01p58000007xPZXAA2</TestClassId>
            <TestQueueId>70958000000Pv1VAAS</TestQueueId>
            <TestMethods>
                <TestMethod>
                    <ApexLogId>07L58000003nyGKEAY</ApexLogId>
                    <Name>testChangePasswordController</Name>
                    <TestResultStatus>Pass</TestResultStatus>
                </TestMethod>
            </TestMethods>
        </TestClass>
        <TestClass>
            <TestClassId>01p58000007xKhZAAU</TestClassId>
            <TestQueueId>70958000000Pv1WAAS</TestQueueId>
            <TestMethods>
                <TestMethod>
                    <ApexLogId>07L58000003nyGZEAY</ApexLogId>
                    <Name>afterInsertTest</Name>
                    <TestResultStatus>Pass</TestResultStatus>
                </TestMethod>
            </TestMethods>
        </TestClass>
        <TestClass>
            <TestClassId>01p58000007xPZbAAM</TestClassId>
            <TestQueueId>70958000000Pv1XAAS</TestQueueId>
            <TestMethods>
                <TestMethod>
                    <ApexLogId>07L58000003nyGtEAI</ApexLogId>
                    <Name>testSave</Name>
                    <TestResultStatus>Pass</TestResultStatus>
                </TestMethod>
            </TestMethods>
        </TestClass>
        <TestClass>
            <TestClassId>01p58000007xPZTAA2</TestClassId>
            <TestQueueId>70958000000Pv1YAAS</TestQueueId>
            <TestMethods>
                <TestMethod>
                    <ApexLogId>07L58000003nyGPEAY</ApexLogId>
                    <Name>testSiteLoginController</Name>
                    <TestResultStatus>Pass</TestResultStatus>
                </TestMethod>
            </TestMethods>
        </TestClass>
        <TestClass>
            <TestClassId>01p58000007xqHOAAY</TestClassId>
            <TestQueueId>70958000000Pv1ZAAS</TestQueueId>
            <TestMethods>
                <TestMethod>
                    <ApexLogId>07L58000003nyGeEAI</ApexLogId>
                    <Name>test</Name>
                    <TestResultStatus>Pass</TestResultStatus>
                </TestMethod>
            </TestMethods>
        </TestClass>
        <TestClass>
            <TestClassId>01p58000007xLcJAAU</TestClassId>
            <TestQueueId>70958000000Pv1aAAC</TestQueueId>
            <TestMethods>
                <TestMethod>
                    <ApexLogId>07L58000003nyG0EAI</ApexLogId>
                    <Name>afterInsertTest</Name>
                    <TestResultStatus>Pass</TestResultStatus>
                </TestMethod>
            </TestMethods>
        </TestClass>
        <TestClass>
            <TestClassId>01p58000007xPZZAA2</TestClassId>
            <TestQueueId>70958000000Pv1bAAC</TestQueueId>
            <TestMethods>
                <TestMethod>
                    <ApexLogId>07L58000003nyGUEAY</ApexLogId>
                    <Name>testForgotPasswordController</Name>
                    <TestResultStatus>Pass</TestResultStatus>
                </TestMethod>
            </TestMethods>
        </TestClass>
        <TestClass>
            <TestClassId>01p58000007xqIWAAY</TestClassId>
            <TestQueueId>70958000000Pv1cAAC</TestQueueId>
            <TestMethods>
                <TestMethod>
                    <ApexLogId>07L58000003nyG5EAI</ApexLogId>
                    <Name>test</Name>
                    <TestResultStatus>Pass</TestResultStatus>
                </TestMethod>
            </TestMethods>
        </TestClass>
        <TestClass>
            <TestClassId>01p58000007xNrEAAU</TestClassId>
            <TestQueueId>70958000000Pv1dAAC</TestQueueId>
            <TestMethods>
                <TestMethod>
                    <ApexLogId>07L58000003nyGoEAI</ApexLogId>
                    <Name>setupData</Name>
                    <TestResultStatus>Pass</TestResultStatus>
                </TestMethod>
                <TestMethod>
                    <ApexLogId>07L58000003nyGoEAI</ApexLogId>
                    <Name>test</Name>
                    <TestResultStatus>Pass</TestResultStatus>
                </TestMethod>
            </TestMethods>
        </TestClass>
        <TestClass>
            <TestClassId>01p58000007xPZVAA2</TestClassId>
            <TestQueueId>70958000000Pv1GAAS</TestQueueId>
            <TestMethods>
                <TestMethod>
                    <ApexLogId>07L58000003nyBKEAY</ApexLogId>
                    <Name>testRegistration</Name>
                    <TestResultStatus>Pass</TestResultStatus>
                </TestMethod>
            </TestMethods>
        </TestClass>
        <TestClass>
            <TestClassId>01p58000007xqHTAAY</TestClassId>
            <TestQueueId>70958000000Pv1HAAS</TestQueueId>
            <TestMethods>
                <TestMethod>
                    <ApexLogId>07L58000003nyBFEAY</ApexLogId>
                    <Name>test</Name>
                    <TestResultStatus>Pass</TestResultStatus>
                </TestMethod>
            </TestMethods>
        </TestClass>
        <TestClass>
            <TestClassId>01p58000007xqHEAAY</TestClassId>
            <TestQueueId>70958000000Pv1IAAS</TestQueueId>
            <TestMethods>
                <TestMethod>
                    <ApexLogId>07L58000003nyBtEAI</ApexLogId>
                    <Name>test</Name>
                    <TestResultStatus>Pass</TestResultStatus>
                </TestMethod>
            </TestMethods>
        </TestClass>
        <TestClass>
            <TestClassId>01p58000007xPZXAA2</TestClassId>
            <TestQueueId>70958000000Pv1JAAS</TestQueueId>
            <TestMethods>
                <TestMethod>
                    <ApexLogId>07L58000003nyByEAI</ApexLogId>
                    <Name>testChangePasswordController</Name>
                    <TestResultStatus>Pass</TestResultStatus>
                </TestMethod>
            </TestMethods>
        </TestClass>
        <TestClass>
            <TestClassId>01p58000007xKhZAAU</TestClassId>
            <TestQueueId>70958000000Pv1KAAS</TestQueueId>
            <TestMethods>
                <TestMethod>
                    <ApexLogId>07L58000003nyBAEAY</ApexLogId>
                    <Name>afterInsertTest</Name>
                    <TestResultStatus>Pass</TestResultStatus>
                </TestMethod>
            </TestMethods>
        </TestClass>
        <TestClass>
            <TestClassId>01p58000007xPZbAAM</TestClassId>
            <TestQueueId>70958000000Pv1LAAS</TestQueueId>
            <TestMethods>
                <TestMethod>
                    <ApexLogId>07L58000003nyBUEAY</ApexLogId>
                    <Name>testSave</Name>
                    <TestResultStatus>Pass</TestResultStatus>
                </TestMethod>
            </TestMethods>
        </TestClass>
        <TestClass>
            <TestClassId>01p58000007xPZTAA2</TestClassId>
            <TestQueueId>70958000000Pv1MAAS</TestQueueId>
            <TestMethods>
                <TestMethod>
                    <ApexLogId>07L58000003nyBPEAY</ApexLogId>
                    <Name>testSiteLoginController</Name>
                    <TestResultStatus>Pass</TestResultStatus>
                </TestMethod>
            </TestMethods>
        </TestClass>
        <TestClass>
            <TestClassId>01p58000007xqHOAAY</TestClassId>
            <TestQueueId>70958000000Pv1NAAS</TestQueueId>
            <TestMethods>
                <TestMethod>
                    <ApexLogId>07L58000003nyBjEAI</ApexLogId>
                    <Name>test</Name>
                    <TestResultStatus>Pass</TestResultStatus>
                </TestMethod>
            </TestMethods>
        </TestClass>
        <TestClass>
            <TestClassId>01p58000007xLcJAAU</TestClassId>
            <TestQueueId>70958000000Pv1OAAS</TestQueueId>
            <TestMethods>
                <TestMethod>
                    <ApexLogId>07L58000003nyBeEAI</ApexLogId>
                    <Name>afterInsertTest</Name>
                    <TestResultStatus>Pass</TestResultStatus>
                </TestMethod>
            </TestMethods>
        </TestClass>
        <TestClass>
            <TestClassId>01p58000007xPZZAA2</TestClassId>
            <TestQueueId>70958000000Pv1PAAS</TestQueueId>
            <TestMethods>
                <TestMethod>
                    <ApexLogId>07L58000003nyBoEAI</ApexLogId>
                    <Name>testForgotPasswordController</Name>
                    <TestResultStatus>Pass</TestResultStatus>
                </TestMethod>
            </TestMethods>
        </TestClass>
        <TestClass>
            <TestClassId>01p58000007xqIWAAY</TestClassId>
            <TestQueueId>70958000000Pv1QAAS</TestQueueId>
            <TestMethods>
                <TestMethod>
                    <ApexLogId>07L58000003nyBZEAY</ApexLogId>
                    <Name>test</Name>
                    <TestResultStatus>Pass</TestResultStatus>
                </TestMethod>
            </TestMethods>
        </TestClass>
        <TestClass>
            <TestClassId>01p58000007xNrEAAU</TestClassId>
            <TestQueueId>70958000000Pv1RAAS</TestQueueId>
            <TestMethods>
                <TestMethod>
                    <ApexLogId>07L58000003nyC3EAI</ApexLogId>
                    <Name>setupData</Name>
                    <TestResultStatus>Pass</TestResultStatus>
                </TestMethod>
                <TestMethod>
                    <ApexLogId>07L58000003nyC3EAI</ApexLogId>
                    <Name>test</Name>
                    <TestResultStatus>Pass</TestResultStatus>
                </TestMethod>
            </TestMethods>
        </TestClass>
        <TestClass>
            <TestClassId>01p58000007xPZVAA2</TestClassId>
            <TestQueueId>70958000000Pv14AAC</TestQueueId>
            <TestMethods>
                <TestMethod>
                    <ApexLogId>07L58000003ny9dEAA</ApexLogId>
                    <Name>testRegistration</Name>
                    <TestResultStatus>Pass</TestResultStatus>
                </TestMethod>
            </TestMethods>
        </TestClass>
        <TestClass>
            <TestClassId>01p58000007xqHTAAY</TestClassId>
            <TestQueueId>70958000000Pv15AAC</TestQueueId>
            <TestMethods>
                <TestMethod>
                    <ApexLogId>07L58000003nyAHEAY</ApexLogId>
                    <Name>test</Name>
                    <TestResultStatus>Pass</TestResultStatus>
                </TestMethod>
            </TestMethods>
        </TestClass>
        <TestClass>
            <TestClassId>01p58000007xqHEAAY</TestClassId>
            <TestQueueId>70958000000Pv16AAC</TestQueueId>
            <TestMethods>
                <TestMethod>
                    <ApexLogId>07L58000003nyACEAY</ApexLogId>
                    <Name>test</Name>
                    <TestResultStatus>Pass</TestResultStatus>
                </TestMethod>
            </TestMethods>
        </TestClass>
        <TestClass>
            <TestClassId>01p58000007xPZXAA2</TestClassId>
            <TestQueueId>70958000000Pv17AAC</TestQueueId>
            <TestMethods>
                <TestMethod>
                    <ApexLogId>07L58000003nyA7EAI</ApexLogId>
                    <Name>testChangePasswordController</Name>
                    <TestResultStatus>Pass</TestResultStatus>
                </TestMethod>
            </TestMethods>
        </TestClass>
        <TestClass>
            <TestClassId>01p58000007xKhZAAU</TestClassId>
            <TestQueueId>70958000000Pv18AAC</TestQueueId>
            <TestMethods>
                <TestMethod>
                    <ApexLogId>07L58000003nyAREAY</ApexLogId>
                    <Name>afterInsertTest</Name>
                    <TestResultStatus>Pass</TestResultStatus>
                </TestMethod>
            </TestMethods>
        </TestClass>
        <TestClass>
            <TestClassId>01p58000007xPZbAAM</TestClassId>
            <TestQueueId>70958000000Pv19AAC</TestQueueId>
            <TestMethods>
                <TestMethod>
                    <ApexLogId>07L58000003ny9xEAA</ApexLogId>
                    <Name>testSave</Name>
                    <TestResultStatus>Pass</TestResultStatus>
                </TestMethod>
            </TestMethods>
        </TestClass>
        <TestClass>
            <TestClassId>01p58000007xPZTAA2</TestClassId>
            <TestQueueId>70958000000Pv1AAAS</TestQueueId>
            <TestMethods>
                <TestMethod>
                    <ApexLogId>07L58000003nyA2EAI</ApexLogId>
                    <Name>testSiteLoginController</Name>
                    <TestResultStatus>Pass</TestResultStatus>
                </TestMethod>
            </TestMethods>
        </TestClass>
        <TestClass>
            <TestClassId>01p58000007xqHOAAY</TestClassId>
            <TestQueueId>70958000000Pv1BAAS</TestQueueId>
            <TestMethods>
                <TestMethod>
                    <ApexLogId>07L58000003ny9iEAA</ApexLogId>
                    <Name>test</Name>
                    <TestResultStatus>Pass</TestResultStatus>
                </TestMethod>
            </TestMethods>
        </TestClass>
        <TestClass>
            <TestClassId>01p58000007xLcJAAU</TestClassId>
            <TestQueueId>70958000000Pv1CAAS</TestQueueId>
            <TestMethods>
                <TestMethod>
                    <ApexLogId>07L58000003ny9sEAA</ApexLogId>
                    <Name>afterInsertTest</Name>
                    <TestResultStatus>Pass</TestResultStatus>
                </TestMethod>
            </TestMethods>
        </TestClass>
        <TestClass>
            <TestClassId>01p58000007xPZZAA2</TestClassId>
            <TestQueueId>70958000000Pv1DAAS</TestQueueId>
            <TestMethods>
                <TestMethod>
                    <ApexLogId>07L58000003nyAbEAI</ApexLogId>
                    <Name>testForgotPasswordController</Name>
                    <TestResultStatus>Pass</TestResultStatus>
                </TestMethod>
            </TestMethods>
        </TestClass>
        <TestClass>
            <TestClassId>01p58000007xqIWAAY</TestClassId>
            <TestQueueId>70958000000Pv1EAAS</TestQueueId>
            <TestMethods>
                <TestMethod>
                    <ApexLogId>07L58000003nyAWEAY</ApexLogId>
                    <Name>test</Name>
                    <Message>System.AssertException: Assertion Failed: Expected: (Intern__c:{Group__c=a0158000009yprpAAA, Email__c=0test@test.com, Skype_id__c=test.skype.id0, Login_for_org__c=0test@test.com, Password_for_org__c=Password, Trailhead_Progress__c=15300, Id=a0258000004Iy4mAAC}, Intern__c:{Group__c=a0158000009yprpAAA, Email__c=1test@test.com, Skype_id__c=test.skype.id1, Login_for_org__c=1test@test.com, Password_for_org__c=Password, Trailhead_Progress__c=31400, Id=a0258000004Iy4nAAC}, Intern__c:{Group__c=a0158000009yprpAAA, Email__c=2test@test.com, Skype_id__c=test.skype.id2, Login_for_org__c=2test@test.com, Password_for_org__c=Password, Trailhead_Progress__c=77700, Id=a0258000004Iy4oAAC}, Intern__c:{Group__c=a0158000009yprpAAA, Email__c=3test@test.com, Skype_id__c=test.skype.id3, Login_for_org__c=3test@test.com, Password_for_org__c=Password, Trailhead_Progress__c=11900, Id=a0258000004Iy4pAAC}, Intern__c:{Group__c=a0158000009yprpAAA, Email__c=4test@test.com, Skype_id__c=test.skype.id4, Login_for_org__c=4test@test.com, Password_for_org__c=Password, Trailhead_Progress__c=68500, Id=a0258000004Iy4qAAC}, Intern__c:{Group__c=a0158000009yprpAAA, Email__c=5test@test.com, Skype_id__c=test.skype.id5, Login_for_org__c=5test@test.com, Password_for_org__c=Password, Trailhead_Progress__c=10100, Id=a0258000004Iy4rAAC}, Intern__c:{Group__c=a0158000009yprpAAA, Email__c=6test@test.com, Skype_id__c=test.skype.id6, Login_for_org__c=6test@test.com, Password_for_org__c=Password, Trailhead_Progress__c=60700, Id=a0258000004Iy4sAAC}, Intern__c:{Group__c=a0158000009yprpAAA, Email__c=7test@test.com, Skype_id__c=test.skype.id7, Login_for_org__c=7test@test.com, Password_for_org__c=Password, Trailhead_Progress__c=75500, Id=a0258000004Iy4tAAC}, Intern__c:{Group__c=a0158000009yprpAAA, Email__c=8test@test.com, Skype_id__c=test.skype.id8, Login_for_org__c=8test@test.com, Password_for_org__c=Password, Trailhead_Progress__c=84300, Id=a0258000004Iy4uAAC}, Intern__c:{Group__c=a0158000009yprpAAA, Email__c=9test@test.com, Skype_id__c=test.skype.id9, Login_for_org__c=9test@test.com, Password_for_org__c=Password, Trailhead_Progress__c=48800, Id=a0258000004Iy4vAAC}, ...), Actual: (Intern__c:{Id=a0258000004Iy4mAAC, Name=a0258000004Iy4m, Group__c=a0158000009yprpAAA, Email__c=0test@test.com, Skype_id__c=test.skype.id0, Login_for_org__c=0test@test.com, Password_for_org__c=Password, Trailhead_Progress__c=15300}, Intern__c:{Id=a0258000004Iy4nAAC, Name=a0258000004Iy4n, Group__c=a0158000009yprpAAA, Email__c=1test@test.com, Skype_id__c=test.skype.id1, Login_for_org__c=1test@test.com, Password_for_org__c=Password, Trailhead_Progress__c=31400}, Intern__c:{Id=a0258000004Iy4oAAC, Name=a0258000004Iy4o, Group__c=a0158000009yprpAAA, Email__c=2test@test.com, Skype_id__c=test.skype.id2, Login_for_org__c=2test@test.com, Password_for_org__c=Password, Trailhead_Progress__c=77700}, Intern__c:{Id=a0258000004Iy4pAAC, Name=a0258000004Iy4p, Group__c=a0158000009yprpAAA, Email__c=3test@test.com, Skype_id__c=test.skype.id3, Login_for_org__c=3test@test.com, Password_for_org__c=Password, Trailhead_Progress__c=11900}, Intern__c:{Id=a0258000004Iy4qAAC, Name=a0258000004Iy4q, Group__c=a0158000009yprpAAA, Email__c=4test@test.com, Skype_id__c=test.skype.id4, Login_for_org__c=4test@test.com, Password_for_org__c=Password, Trailhead_Progress__c=68500}, Intern__c:{Id=a0258000004Iy4rAAC, Name=a0258000004Iy4r, Group__c=a0158000009yprpAAA, Email__c=5test@test.com, Skype_id__c=test.skype.id5, Login_for_org__c=5test@test.com, Password_for_org__c=Password, Trailhead_Progress__c=10100}, Intern__c:{Id=a0258000004Iy4sAAC, Name=a0258000004Iy4s, Group__c=a0158000009yprpAAA, Email__c=6test@test.com, Skype_id__c=test.skype.id6, Login_for_org__c=6test@test.com, Password_for_org__c=Password, Trailhead_Progress__c=60700}, Intern__c:{Id=a0258000004Iy4tAAC, Name=a0258000004Iy4t, Group__c=a0158000009yprpAAA, Email__c=7test@test.com, Skype_id__c=test.skype.id7, Login_for_org__c=7test@test.com, Password_for_org__c=Password, Trailhead_Progress__c=75</Message>
                    <StackTrace>Class.InternPageControllerTest.test: line 14, column 1</StackTrace>
                    <TestResultStatus>Fail</TestResultStatus>
                </TestMethod>
            </TestMethods>
        </TestClass>
        <TestClass>
            <TestClassId>01p58000007xNrEAAU</TestClassId>
            <TestQueueId>70958000000Pv1FAAS</TestQueueId>
            <TestMethods>
                <TestMethod>
                    <ApexLogId>07L58000003nyAMEAY</ApexLogId>
                    <Name>setupData</Name>
                    <TestResultStatus>Pass</TestResultStatus>
                </TestMethod>
                <TestMethod>
                    <ApexLogId>07L58000003nyAMEAY</ApexLogId>
                    <Name>test</Name>
                    <TestResultStatus>Pass</TestResultStatus>
                </TestMethod>
            </TestMethods>
        </TestClass>
        <TestClass>
            <TestClassId>01p58000007xPZVAA2</TestClassId>
            <TestQueueId>70958000000Pv0sAAC</TestQueueId>
            <TestMethods>
                <TestMethod>
                    <ApexLogId>07L58000003ny7hEAA</ApexLogId>
                    <Name>testRegistration</Name>
                    <TestResultStatus>Pass</TestResultStatus>
                </TestMethod>
            </TestMethods>
        </TestClass>
        <TestClass>
            <TestClassId>01p58000007xqHTAAY</TestClassId>
            <TestQueueId>70958000000Pv0tAAC</TestQueueId>
            <TestMethods>
                <TestMethod>
                    <ApexLogId>07L58000003ny7SEAQ</ApexLogId>
                    <Name>test</Name>
                    <TestResultStatus>Pass</TestResultStatus>
                </TestMethod>
            </TestMethods>
        </TestClass>
        <TestClass>
            <TestClassId>01p58000007xqHEAAY</TestClassId>
            <TestQueueId>70958000000Pv0uAAC</TestQueueId>
            <TestMethods>
                <TestMethod>
                    <ApexLogId>07L58000003ny7IEAQ</ApexLogId>
                    <Name>test</Name>
                    <TestResultStatus>Pass</TestResultStatus>
                </TestMethod>
            </TestMethods>
        </TestClass>
        <TestClass>
            <TestClassId>01p58000007xPZXAA2</TestClassId>
            <TestQueueId>70958000000Pv0vAAC</TestQueueId>
            <TestMethods>
                <TestMethod>
                    <ApexLogId>07L58000003ny7XEAQ</ApexLogId>
                    <Name>testChangePasswordController</Name>
                    <TestResultStatus>Pass</TestResultStatus>
                </TestMethod>
            </TestMethods>
        </TestClass>
        <TestClass>
            <TestClassId>01p58000007xKhZAAU</TestClassId>
            <TestQueueId>70958000000Pv0wAAC</TestQueueId>
            <TestMethods>
                <TestMethod>
                    <ApexLogId>07L58000003ny7cEAA</ApexLogId>
                    <Name>afterInsertTest</Name>
                    <TestResultStatus>Pass</TestResultStatus>
                </TestMethod>
            </TestMethods>
        </TestClass>
        <TestClass>
            <TestClassId>01p58000007xPZbAAM</TestClassId>
            <TestQueueId>70958000000Pv0xAAC</TestQueueId>
            <TestMethods>
                <TestMethod>
                    <ApexLogId>07L58000003ny7NEAQ</ApexLogId>
                    <Name>testSave</Name>
                    <TestResultStatus>Pass</TestResultStatus>
                </TestMethod>
            </TestMethods>
        </TestClass>
        <TestClass>
            <TestClassId>01p58000007xPZTAA2</TestClassId>
            <TestQueueId>70958000000Pv0yAAC</TestQueueId>
            <TestMethods>
                <TestMethod>
                    <ApexLogId>07L58000003ny73EAA</ApexLogId>
                    <Name>testSiteLoginController</Name>
                    <TestResultStatus>Pass</TestResultStatus>
                </TestMethod>
            </TestMethods>
        </TestClass>
        <TestClass>
            <TestClassId>01p58000007xqHOAAY</TestClassId>
            <TestQueueId>70958000000Pv0zAAC</TestQueueId>
            <TestMethods>
                <TestMethod>
                    <ApexLogId>07L58000003ny6yEAA</ApexLogId>
                    <Name>test</Name>
                    <TestResultStatus>Pass</TestResultStatus>
                </TestMethod>
            </TestMethods>
        </TestClass>
        <TestClass>
            <TestClassId>01p58000007xLcJAAU</TestClassId>
            <TestQueueId>70958000000Pv10AAC</TestQueueId>
            <TestMethods>
                <TestMethod>
                    <ApexLogId>07L58000003ny78EAA</ApexLogId>
                    <Name>afterInsertTest</Name>
                    <TestResultStatus>Pass</TestResultStatus>
                </TestMethod>
            </TestMethods>
        </TestClass>
        <TestClass>
            <TestClassId>01p58000007xPZZAA2</TestClassId>
            <TestQueueId>70958000000Pv11AAC</TestQueueId>
            <TestMethods>
                <TestMethod>
                    <ApexLogId>07L58000003ny7DEAQ</ApexLogId>
                    <Name>testForgotPasswordController</Name>
                    <TestResultStatus>Pass</TestResultStatus>
                </TestMethod>
            </TestMethods>
        </TestClass>
        <TestClass>
            <TestClassId>01p58000007xqIWAAY</TestClassId>
            <TestQueueId>70958000000Pv12AAC</TestQueueId>
            <TestMethods>
                <TestMethod>
                    <ApexLogId>07L58000003ny7rEAA</ApexLogId>
                    <Name>test</Name>
                    <Message>System.AssertException: Assertion Failed: Expected: (Intern__c:{Group__c=a0158000009yprGAAQ, Email__c=0test@test.com, Skype_id__c=test.skype.id0, Login_for_org__c=0test@test.com, Password_for_org__c=Password, Trailhead_Progress__c=24500, Id=a0258000004Iy2bAAC}, Intern__c:{Group__c=a0158000009yprGAAQ, Email__c=1test@test.com, Skype_id__c=test.skype.id1, Login_for_org__c=1test@test.com, Password_for_org__c=Password, Trailhead_Progress__c=400, Id=a0258000004Iy2cAAC}, Intern__c:{Group__c=a0158000009yprGAAQ, Email__c=2test@test.com, Skype_id__c=test.skype.id2, Login_for_org__c=2test@test.com, Password_for_org__c=Password, Trailhead_Progress__c=84100, Id=a0258000004Iy2dAAC}, Intern__c:{Group__c=a0158000009yprGAAQ, Email__c=3test@test.com, Skype_id__c=test.skype.id3, Login_for_org__c=3test@test.com, Password_for_org__c=Password, Trailhead_Progress__c=91100, Id=a0258000004Iy2eAAC}, Intern__c:{Group__c=a0158000009yprGAAQ, Email__c=4test@test.com, Skype_id__c=test.skype.id4, Login_for_org__c=4test@test.com, Password_for_org__c=Password, Trailhead_Progress__c=44300, Id=a0258000004Iy2fAAC}, Intern__c:{Group__c=a0158000009yprGAAQ, Email__c=5test@test.com, Skype_id__c=test.skype.id5, Login_for_org__c=5test@test.com, Password_for_org__c=Password, Trailhead_Progress__c=79100, Id=a0258000004Iy2gAAC}, Intern__c:{Group__c=a0158000009yprGAAQ, Email__c=6test@test.com, Skype_id__c=test.skype.id6, Login_for_org__c=6test@test.com, Password_for_org__c=Password, Trailhead_Progress__c=80000, Id=a0258000004Iy2hAAC}, Intern__c:{Group__c=a0158000009yprGAAQ, Email__c=7test@test.com, Skype_id__c=test.skype.id7, Login_for_org__c=7test@test.com, Password_for_org__c=Password, Trailhead_Progress__c=16000, Id=a0258000004Iy2iAAC}, Intern__c:{Group__c=a0158000009yprGAAQ, Email__c=8test@test.com, Skype_id__c=test.skype.id8, Login_for_org__c=8test@test.com, Password_for_org__c=Password, Trailhead_Progress__c=45800, Id=a0258000004Iy2jAAC}, Intern__c:{Group__c=a0158000009yprGAAQ, Email__c=9test@test.com, Skype_id__c=test.skype.id9, Login_for_org__c=9test@test.com, Password_for_org__c=Password, Trailhead_Progress__c=55300, Id=a0258000004Iy2kAAC}, ...), Actual: (Intern__c:{Id=a0258000004Iy2bAAC, Name=a0258000004Iy2b, Group__c=a0158000009yprGAAQ, Email__c=0test@test.com, Skype_id__c=test.skype.id0, Login_for_org__c=0test@test.com, Password_for_org__c=Password, Trailhead_Progress__c=24500}, Intern__c:{Id=a0258000004Iy2cAAC, Name=a0258000004Iy2c, Group__c=a0158000009yprGAAQ, Email__c=1test@test.com, Skype_id__c=test.skype.id1, Login_for_org__c=1test@test.com, Password_for_org__c=Password, Trailhead_Progress__c=400}, Intern__c:{Id=a0258000004Iy2dAAC, Name=a0258000004Iy2d, Group__c=a0158000009yprGAAQ, Email__c=2test@test.com, Skype_id__c=test.skype.id2, Login_for_org__c=2test@test.com, Password_for_org__c=Password, Trailhead_Progress__c=84100}, Intern__c:{Id=a0258000004Iy2eAAC, Name=a0258000004Iy2e, Group__c=a0158000009yprGAAQ, Email__c=3test@test.com, Skype_id__c=test.skype.id3, Login_for_org__c=3test@test.com, Password_for_org__c=Password, Trailhead_Progress__c=91100}, Intern__c:{Id=a0258000004Iy2fAAC, Name=a0258000004Iy2f, Group__c=a0158000009yprGAAQ, Email__c=4test@test.com, Skype_id__c=test.skype.id4, Login_for_org__c=4test@test.com, Password_for_org__c=Password, Trailhead_Progress__c=44300}, Intern__c:{Id=a0258000004Iy2gAAC, Name=a0258000004Iy2g, Group__c=a0158000009yprGAAQ, Email__c=5test@test.com, Skype_id__c=test.skype.id5, Login_for_org__c=5test@test.com, Password_for_org__c=Password, Trailhead_Progress__c=79100}, Intern__c:{Id=a0258000004Iy2hAAC, Name=a0258000004Iy2h, Group__c=a0158000009yprGAAQ, Email__c=6test@test.com, Skype_id__c=test.skype.id6, Login_for_org__c=6test@test.com, Password_for_org__c=Password, Trailhead_Progress__c=80000}, Intern__c:{Id=a0258000004Iy2iAAC, Name=a0258000004Iy2i, Group__c=a0158000009yprGAAQ, Email__c=7test@test.com, Skype_id__c=test.skype.id7, Login_for_org__c=7test@test.com, Password_for_org__c=Password, Trailhead_Progress__c=16000}</Message>
                    <StackTrace>Class.InternPageControllerTest.test: line 14, column 1</StackTrace>
                    <TestResultStatus>Fail</TestResultStatus>
                </TestMethod>
            </TestMethods>
        </TestClass>
        <TestClass>
            <TestClassId>01p58000007xNrEAAU</TestClassId>
            <TestQueueId>70958000000Pv13AAC</TestQueueId>
            <TestMethods>
                <TestMethod>
                    <ApexLogId>07L58000003ny7mEAA</ApexLogId>
                    <Name>setupData</Name>
                    <TestResultStatus>Pass</TestResultStatus>
                </TestMethod>
                <TestMethod>
                    <ApexLogId>07L58000003ny7mEAA</ApexLogId>
                    <Name>test</Name>
                    <TestResultStatus>Pass</TestResultStatus>
                </TestMethod>
            </TestMethods>
        </TestClass>
        <TestClass>
            <TestClassId>01p58000007xPZVAA2</TestClassId>
            <TestQueueId>70958000000PuyqAAC</TestQueueId>
            <TestMethods>
                <TestMethod>
                    <ApexLogId>07L58000003nwYOEAY</ApexLogId>
                    <Name>testRegistration</Name>
                    <TestResultStatus>Pass</TestResultStatus>
                </TestMethod>
            </TestMethods>
        </TestClass>
        <TestClass>
            <TestClassId>01p58000007xqHTAAY</TestClassId>
            <TestQueueId>70958000000PuyrAAC</TestQueueId>
            <TestMethods>
                <TestMethod>
                    <ApexLogId>07L58000003nwlzEAA</ApexLogId>
                    <Name>test</Name>
                    <TestResultStatus>Pass</TestResultStatus>
                </TestMethod>
            </TestMethods>
        </TestClass>
        <TestClass>
            <TestClassId>01p58000007xqHEAAY</TestClassId>
            <TestQueueId>70958000000PuysAAC</TestQueueId>
            <TestMethods>
                <TestMethod>
                    <ApexLogId>07L58000003nwjqEAA</ApexLogId>
                    <Name>test</Name>
                    <TestResultStatus>Pass</TestResultStatus>
                </TestMethod>
            </TestMethods>
        </TestClass>
        <TestClass>
            <TestClassId>01p58000007xPZXAA2</TestClassId>
            <TestQueueId>70958000000PuytAAC</TestQueueId>
            <TestMethods>
                <TestMethod>
                    <ApexLogId>07L58000003nwkgEAA</ApexLogId>
                    <Name>testChangePasswordController</Name>
                    <TestResultStatus>Pass</TestResultStatus>
                </TestMethod>
            </TestMethods>
        </TestClass>
        <TestClass>
            <TestClassId>01p58000007xKhZAAU</TestClassId>
            <TestQueueId>70958000000PuyuAAC</TestQueueId>
            <TestMethods>
                <TestMethod>
                    <ApexLogId>07L58000003nwS1EAI</ApexLogId>
                    <Name>afterInsertTest</Name>
                    <TestResultStatus>Pass</TestResultStatus>
                </TestMethod>
            </TestMethods>
        </TestClass>
        <TestClass>
            <TestClassId>01p58000007xPZbAAM</TestClassId>
            <TestQueueId>70958000000PuyvAAC</TestQueueId>
            <TestMethods>
                <TestMethod>
                    <ApexLogId>07L58000003nwlhEAA</ApexLogId>
                    <Name>testSave</Name>
                    <TestResultStatus>Pass</TestResultStatus>
                </TestMethod>
            </TestMethods>
        </TestClass>
        <TestClass>
            <TestClassId>01p58000007xPZTAA2</TestClassId>
            <TestQueueId>70958000000PuywAAC</TestQueueId>
            <TestMethods>
                <TestMethod>
                    <ApexLogId>07L58000003nwjREAQ</ApexLogId>
                    <Name>testSiteLoginController</Name>
                    <TestResultStatus>Pass</TestResultStatus>
                </TestMethod>
            </TestMethods>
        </TestClass>
        <TestClass>
            <TestClassId>01p58000007xqHOAAY</TestClassId>
            <TestQueueId>70958000000PuyxAAC</TestQueueId>
            <TestMethods>
                <TestMethod>
                    <ApexLogId>07L58000003nwleEAA</ApexLogId>
                    <Name>test</Name>
                    <TestResultStatus>Pass</TestResultStatus>
                </TestMethod>
            </TestMethods>
        </TestClass>
        <TestClass>
            <TestClassId>01p58000007xLcJAAU</TestClassId>
            <TestQueueId>70958000000PuyyAAC</TestQueueId>
            <TestMethods>
                <TestMethod>
                    <ApexLogId>07L58000003nwn2EAA</ApexLogId>
                    <Name>afterInsertTest</Name>
                    <TestResultStatus>Pass</TestResultStatus>
                </TestMethod>
            </TestMethods>
        </TestClass>
        <TestClass>
            <TestClassId>01p58000007xPZZAA2</TestClassId>
            <TestQueueId>70958000000PuyzAAC</TestQueueId>
            <TestMethods>
                <TestMethod>
                    <ApexLogId>07L58000003nwidEAA</ApexLogId>
                    <Name>testForgotPasswordController</Name>
                    <TestResultStatus>Pass</TestResultStatus>
                </TestMethod>
            </TestMethods>
        </TestClass>
        <TestClass>
            <TestClassId>01p58000007xNrEAAU</TestClassId>
            <TestQueueId>70958000000Puz0AAC</TestQueueId>
            <TestMethods>
                <TestMethod>
                    <ApexLogId>07L58000003nwm4EAA</ApexLogId>
                    <Name>setupData</Name>
                    <TestResultStatus>Pass</TestResultStatus>
                </TestMethod>
                <TestMethod>
                    <ApexLogId>07L58000003nwm4EAA</ApexLogId>
                    <Name>test</Name>
                    <TestResultStatus>Pass</TestResultStatus>
                </TestMethod>
            </TestMethods>
        </TestClass>
        <TestClass>
            <TestClassId>01p58000007xqHTAAY</TestClassId>
            <TestQueueId>70958000000PuuRAAS</TestQueueId>
            <TestMethods>
                <TestMethod>
                    <ApexLogId>07L58000003nRgyEAE</ApexLogId>
                    <Name>test</Name>
                    <Message>System.ListException: List index out of bounds: 0</Message>
                    <StackTrace>Class.InternHomePageController.&lt;init&gt;: line 22, column 1
Class.InternHomePageControllerTest.test: line 7, column 1</StackTrace>
                    <TestResultStatus>Fail</TestResultStatus>
                </TestMethod>
            </TestMethods>
        </TestClass>
        <TestClass>
            <TestClassId>01p58000007xqHEAAY</TestClassId>
            <TestQueueId>70958000000PuuMAAS</TestQueueId>
            <TestMethods>
                <TestMethod>
                    <ApexLogId>07L58000003nRXSEA2</ApexLogId>
                    <Name>test</Name>
                    <TestResultStatus>Pass</TestResultStatus>
                </TestMethod>
            </TestMethods>
        </TestClass>
        <TestClass>
            <TestClassId>01p58000007xqHEAAY</TestClassId>
            <TestQueueId>70958000000PuuHAAS</TestQueueId>
            <TestMethods>
                <TestMethod>
                    <ApexLogId>07L58000003nRMZEA2</ApexLogId>
                    <Name>test</Name>
                    <TestResultStatus>Pass</TestResultStatus>
                </TestMethod>
            </TestMethods>
        </TestClass>
        <TestClass>
            <TestClassId>01p58000007xqHOAAY</TestClassId>
            <TestQueueId>70958000000PuuIAAS</TestQueueId>
            <TestMethods>
                <TestMethod>
                    <ApexLogId>07L58000003nRK0EAM</ApexLogId>
                    <Name>test</Name>
                    <TestResultStatus>Pass</TestResultStatus>
                </TestMethod>
            </TestMethods>
        </TestClass>
        <TestClass>
            <TestClassId>01p58000007xPZVAA2</TestClassId>
            <TestQueueId>70958000000Puu9AAC</TestQueueId>
            <TestMethods>
                <TestMethod>
                    <ApexLogId>07L58000003nRGbEAM</ApexLogId>
                    <Name>testRegistration</Name>
                    <TestResultStatus>Pass</TestResultStatus>
                </TestMethod>
            </TestMethods>
        </TestClass>
        <TestClass>
            <TestClassId>01p58000007xPZXAA2</TestClassId>
            <TestQueueId>70958000000PuuAAAS</TestQueueId>
            <TestMethods>
                <TestMethod>
                    <ApexLogId>07L58000003nRGREA2</ApexLogId>
                    <Name>testChangePasswordController</Name>
                    <TestResultStatus>Pass</TestResultStatus>
                </TestMethod>
            </TestMethods>
        </TestClass>
        <TestClass>
            <TestClassId>01p58000007xKhZAAU</TestClassId>
            <TestQueueId>70958000000PuuBAAS</TestQueueId>
            <TestMethods>
                <TestMethod>
                    <ApexLogId>07L58000003nRGWEA2</ApexLogId>
                    <Name>afterInsertTest</Name>
                    <TestResultStatus>Pass</TestResultStatus>
                </TestMethod>
            </TestMethods>
        </TestClass>
        <TestClass>
            <TestClassId>01p58000007xPZbAAM</TestClassId>
            <TestQueueId>70958000000PuuCAAS</TestQueueId>
            <TestMethods>
                <TestMethod>
                    <ApexLogId>07L58000003nRGqEAM</ApexLogId>
                    <Name>testSave</Name>
                    <TestResultStatus>Pass</TestResultStatus>
                </TestMethod>
            </TestMethods>
        </TestClass>
        <TestClass>
            <TestClassId>01p58000007xPZTAA2</TestClassId>
            <TestQueueId>70958000000PuuDAAS</TestQueueId>
            <TestMethods>
                <TestMethod>
                    <ApexLogId>07L58000003nRFjEAM</ApexLogId>
                    <Name>testSiteLoginController</Name>
                    <TestResultStatus>Pass</TestResultStatus>
                </TestMethod>
            </TestMethods>
        </TestClass>
        <TestClass>
            <TestClassId>01p58000007xLcJAAU</TestClassId>
            <TestQueueId>70958000000PuuEAAS</TestQueueId>
            <TestMethods>
                <TestMethod>
                    <ApexLogId>07L58000003nRGlEAM</ApexLogId>
                    <Name>afterInsertTest</Name>
                    <TestResultStatus>Pass</TestResultStatus>
                </TestMethod>
            </TestMethods>
        </TestClass>
        <TestClass>
            <TestClassId>01p58000007xPZZAA2</TestClassId>
            <TestQueueId>70958000000PuuFAAS</TestQueueId>
            <TestMethods>
                <TestMethod>
                    <ApexLogId>07L58000003nRGgEAM</ApexLogId>
                    <Name>testForgotPasswordController</Name>
                    <TestResultStatus>Pass</TestResultStatus>
                </TestMethod>
            </TestMethods>
        </TestClass>
        <TestClass>
            <TestClassId>01p58000007xNrEAAU</TestClassId>
            <TestQueueId>70958000000PuuGAAS</TestQueueId>
            <TestMethods>
                <TestMethod>
                    <ApexLogId>07L58000003nRGMEA2</ApexLogId>
                    <Name>test</Name>
                    <TestResultStatus>Pass</TestResultStatus>
                </TestMethod>
            </TestMethods>
        </TestClass>
        <TestClass>
            <TestClassId>01p58000007xPZVAA2</TestClassId>
            <TestQueueId>70958000000Puu1AAC</TestQueueId>
            <TestMethods>
                <TestMethod>
                    <ApexLogId>07L58000003nRBlEAM</ApexLogId>
                    <Name>testRegistration</Name>
                    <TestResultStatus>Pass</TestResultStatus>
                </TestMethod>
            </TestMethods>
        </TestClass>
        <TestClass>
            <TestClassId>01p58000007xPZXAA2</TestClassId>
            <TestQueueId>70958000000Puu2AAC</TestQueueId>
            <TestMethods>
                <TestMethod>
                    <ApexLogId>07L58000003nRBgEAM</ApexLogId>
                    <Name>testChangePasswordController</Name>
                    <TestResultStatus>Pass</TestResultStatus>
                </TestMethod>
            </TestMethods>
        </TestClass>
        <TestClass>
            <TestClassId>01p58000007xKhZAAU</TestClassId>
            <TestQueueId>70958000000Puu3AAC</TestQueueId>
            <TestMethods>
                <TestMethod>
                    <ApexLogId>07L58000003nRAAEA2</ApexLogId>
                    <Name>afterInsertTest</Name>
                    <TestResultStatus>Pass</TestResultStatus>
                </TestMethod>
            </TestMethods>
        </TestClass>
        <TestClass>
            <TestClassId>01p58000007xPZbAAM</TestClassId>
            <TestQueueId>70958000000Puu4AAC</TestQueueId>
            <TestMethods>
                <TestMethod>
                    <ApexLogId>07L58000003nRBREA2</ApexLogId>
                    <Name>testSave</Name>
                    <TestResultStatus>Pass</TestResultStatus>
                </TestMethod>
            </TestMethods>
        </TestClass>
        <TestClass>
            <TestClassId>01p58000007xPZTAA2</TestClassId>
            <TestQueueId>70958000000Puu5AAC</TestQueueId>
            <TestMethods>
                <TestMethod>
                    <ApexLogId>07L58000003nR86EAE</ApexLogId>
                    <Name>testSiteLoginController</Name>
                    <TestResultStatus>Pass</TestResultStatus>
                </TestMethod>
            </TestMethods>
        </TestClass>
        <TestClass>
            <TestClassId>01p58000007xLcJAAU</TestClassId>
            <TestQueueId>70958000000Puu6AAC</TestQueueId>
            <TestMethods>
                <TestMethod>
                    <ApexLogId>07L58000003nRBWEA2</ApexLogId>
                    <Name>afterInsertTest</Name>
                    <TestResultStatus>Pass</TestResultStatus>
                </TestMethod>
            </TestMethods>
        </TestClass>
        <TestClass>
            <TestClassId>01p58000007xPZZAA2</TestClassId>
            <TestQueueId>70958000000Puu7AAC</TestQueueId>
            <TestMethods>
                <TestMethod>
                    <ApexLogId>07L58000003nRBMEA2</ApexLogId>
                    <Name>testForgotPasswordController</Name>
                    <TestResultStatus>Pass</TestResultStatus>
                </TestMethod>
            </TestMethods>
        </TestClass>
        <TestClass>
            <TestClassId>01p58000007xNrEAAU</TestClassId>
            <TestQueueId>70958000000Puu8AAC</TestQueueId>
            <TestMethods>
                <TestMethod>
                    <ApexLogId>07L58000003nRBqEAM</ApexLogId>
                    <Name>test</Name>
                    <TestResultStatus>Pass</TestResultStatus>
                </TestMethod>
            </TestMethods>
        </TestClass>
        <TestClass>
            <TestClassId>01p58000007xNrEAAU</TestClassId>
            <TestQueueId>70958000000PutwAAC</TestQueueId>
            <TestMethods>
                <TestMethod>
                    <ApexLogId>07L58000003nR7VEAU</ApexLogId>
                    <Name>test</Name>
                    <Message>System.DmlException: Insert failed. First exception on row 0; first error: REQUIRED_FIELD_MISSING, Required fields are missing: [Complexity__c, Lecturer_Name__c]: [Complexity__c, Lecturer_Name__c]</Message>
                    <StackTrace>Class.RecountRatingScheduleJobTest.setupData: line 38, column 1
Class.RecountRatingScheduleJobTest.test: line 5, column 1</StackTrace>
                    <TestResultStatus>Fail</TestResultStatus>
                </TestMethod>
            </TestMethods>
        </TestClass>
        <TestClass>
            <TestClassId>01p58000007xNrEAAU</TestClassId>
            <TestQueueId>70958000000PutrAAC</TestQueueId>
            <TestMethods>
                <TestMethod>
                    <ApexLogId>07L58000003nR7oEAE</ApexLogId>
                    <Name>test</Name>
                    <Message>System.DmlException: Insert failed. First exception on row 0; first error: REQUIRED_FIELD_MISSING, Required fields are missing: [Complexity__c, Lecturer_Name__c]: [Complexity__c, Lecturer_Name__c]</Message>
                    <StackTrace>Class.RecountRatingScheduleJobTest.setupData: line 38, column 1
Class.RecountRatingScheduleJobTest.test: line 5, column 1</StackTrace>
                    <TestResultStatus>Fail</TestResultStatus>
                </TestMethod>
            </TestMethods>
        </TestClass>
        <TestClass>
            <TestClassId>01p58000007xNrEAAU</TestClassId>
            <TestQueueId>70958000000PutmAAC</TestQueueId>
            <TestMethods>
                <TestMethod>
                    <ApexLogId>07L58000003nR6qEAE</ApexLogId>
                    <Name>test</Name>
                    <Message>System.DmlException: Insert failed. First exception on row 1; first error: DUPLICATE_VALUE, duplicate value found: &lt;unknown&gt; duplicates value on record with id: &lt;unknown&gt;: []</Message>
                    <StackTrace>Class.RecountRatingScheduleJobTest.setupData: line 32, column 1
Class.RecountRatingScheduleJobTest.test: line 5, column 1</StackTrace>
                    <TestResultStatus>Fail</TestResultStatus>
                </TestMethod>
            </TestMethods>
        </TestClass>
        <TestClass>
            <TestClassId>01p58000007xPZVAA2</TestClassId>
            <TestQueueId>70958000000PuteAAC</TestQueueId>
            <TestMethods>
                <TestMethod>
                    <Name>testRegistration</Name>
                    <TestResultStatus>Pass</TestResultStatus>
                </TestMethod>
            </TestMethods>
        </TestClass>
        <TestClass>
            <TestClassId>01p58000007xPZXAA2</TestClassId>
            <TestQueueId>70958000000PutfAAC</TestQueueId>
            <TestMethods>
                <TestMethod>
                    <Name>testChangePasswordController</Name>
                    <TestResultStatus>Pass</TestResultStatus>
                </TestMethod>
            </TestMethods>
        </TestClass>
        <TestClass>
            <TestClassId>01p58000007xKhZAAU</TestClassId>
            <TestQueueId>70958000000PutgAAC</TestQueueId>
            <TestMethods>
                <TestMethod>
                    <Name>afterInsertTest</Name>
                    <Message>System.DmlException: Insert failed. First exception on row 0; first error: REQUIRED_FIELD_MISSING, Required fields are missing: [Skype_id__c]: [Skype_id__c]</Message>
                    <StackTrace>Class.HomeworkTriggerTest.afterInsertTest: line 8, column 1</StackTrace>
                    <TestResultStatus>Fail</TestResultStatus>
                </TestMethod>
            </TestMethods>
        </TestClass>
        <TestClass>
            <TestClassId>01p58000007xPZbAAM</TestClassId>
            <TestQueueId>70958000000PuthAAC</TestQueueId>
            <TestMethods>
                <TestMethod>
                    <Name>testSave</Name>
                    <TestResultStatus>Pass</TestResultStatus>
                </TestMethod>
            </TestMethods>
        </TestClass>
        <TestClass>
            <TestClassId>01p58000007xPZTAA2</TestClassId>
            <TestQueueId>70958000000PutiAAC</TestQueueId>
            <TestMethods>
                <TestMethod>
                    <Name>testSiteLoginController</Name>
                    <TestResultStatus>Pass</TestResultStatus>
                </TestMethod>
            </TestMethods>
        </TestClass>
        <TestClass>
            <TestClassId>01p58000007xLcJAAU</TestClassId>
            <TestQueueId>70958000000PutjAAC</TestQueueId>
            <TestMethods>
                <TestMethod>
                    <Name>afterInsertTest</Name>
                    <Message>System.DmlException: Insert failed. First exception on row 0; first error: REQUIRED_FIELD_MISSING, Required fields are missing: [Skype_id__c]: [Skype_id__c]</Message>
                    <StackTrace>Class.TestTriggerTest.afterInsertTest: line 8, column 1</StackTrace>
                    <TestResultStatus>Fail</TestResultStatus>
                </TestMethod>
            </TestMethods>
        </TestClass>
        <TestClass>
            <TestClassId>01p58000007xPZZAA2</TestClassId>
            <TestQueueId>70958000000PutkAAC</TestQueueId>
            <TestMethods>
                <TestMethod>
                    <Name>testForgotPasswordController</Name>
                    <TestResultStatus>Pass</TestResultStatus>
                </TestMethod>
            </TestMethods>
        </TestClass>
        <TestClass>
            <TestClassId>01p58000007xNrEAAU</TestClassId>
            <TestQueueId>70958000000PutlAAC</TestQueueId>
            <TestMethods>
                <TestMethod>
                    <Name>test</Name>
                    <Message>System.DmlException: Insert failed. First exception on row 0; first error: REQUIRED_FIELD_MISSING, Required fields are missing: [Skype_id__c]: [Skype_id__c]</Message>
                    <StackTrace>Class.RecountRatingScheduleJobTest.setupData: line 32, column 1
Class.RecountRatingScheduleJobTest.test: line 5, column 1</StackTrace>
                    <TestResultStatus>Fail</TestResultStatus>
                </TestMethod>
            </TestMethods>
        </TestClass>
    </TestClasses>
</TestsResultsCache>